{
  "stats": {
    "suites": 2,
    "tests": 14,
    "passes": 14,
    "pending": 0,
    "failures": 0,
    "start": "2022-02-08T15:01:44.460Z",
    "end": "2022-02-08T15:02:02.236Z",
    "duration": 8213,
    "testsRegistered": 14,
    "passPercent": 100,
    "pendingPercent": 0,
    "other": 0,
    "hasOther": false,
    "skipped": 0,
    "hasSkipped": false
  },
  "results": [
    {
      "uuid": "869b52b2-62e5-4206-ad96-d9a145c7248f",
      "title": "",
      "fullFile": "cypress/integration/2.UserLogin.js",
      "file": "cypress/integration/2.UserLogin.js",
      "beforeHooks": [],
      "afterHooks": [],
      "tests": [],
      "suites": [
        {
          "uuid": "16757e0e-3be2-470c-a082-30724d5d183c",
          "title": "User should be able to 'Sign Up'",
          "fullFile": "",
          "file": "",
          "beforeHooks": [],
          "afterHooks": [],
          "tests": [
            {
              "title": "Visits the QA-Task page",
              "fullTitle": "User should be able to 'Sign Up' Visits the QA-Task page",
              "timedOut": null,
              "duration": 1328,
              "state": "passed",
              "speed": "fast",
              "pass": true,
              "fail": false,
              "pending": false,
              "context": null,
              "code": "cy.visit(url);\ncy.contains('Welcome ...').should('be.visible');",
              "err": {},
              "uuid": "1fcd09b9-3674-4a46-b635-bb1fea30c124",
              "parentUUID": "16757e0e-3be2-470c-a082-30724d5d183c",
              "isHook": false,
              "skipped": false
            },
            {
              "title": "Clicks on 'Log in' button",
              "fullTitle": "User should be able to 'Sign Up' Clicks on 'Log in' button",
              "timedOut": null,
              "duration": 129,
              "state": "passed",
              "speed": "fast",
              "pass": true,
              "fail": false,
              "pending": false,
              "context": null,
              "code": "cy.xpath('//*[text()=\"Log in\"]').click();\ncy.url().should('eq', 'https://qa-task-web.ministryofprogramming.com/login');",
              "err": {},
              "uuid": "8fe9ed21-4988-447b-8aba-fb5fb6721b45",
              "parentUUID": "16757e0e-3be2-470c-a082-30724d5d183c",
              "isHook": false,
              "skipped": false
            },
            {
              "title": "Enters valid 'Email address'",
              "fullTitle": "User should be able to 'Sign Up' Enters valid 'Email address'",
              "timedOut": null,
              "duration": 478,
              "state": "passed",
              "speed": "fast",
              "pass": true,
              "fail": false,
              "pending": false,
              "context": null,
              "code": "cy.get('#email').clear().type('test@test.com').should(\"have.value\", \"test@test.com\");",
              "err": {},
              "uuid": "0f9a07fb-88bd-48f4-adcb-f05f64de42d8",
              "parentUUID": "16757e0e-3be2-470c-a082-30724d5d183c",
              "isHook": false,
              "skipped": false
            },
            {
              "title": "Enters valid 'Password'",
              "fullTitle": "User should be able to 'Sign Up' Enters valid 'Password'",
              "timedOut": null,
              "duration": 392,
              "state": "passed",
              "speed": "fast",
              "pass": true,
              "fail": false,
              "pending": false,
              "context": null,
              "code": "cy.get('#password').clear().type('Test1234!').should(\"have.value\", \"Test1234!\");",
              "err": {},
              "uuid": "99e3947c-f9b9-4525-a60c-2cfdc74427a3",
              "parentUUID": "16757e0e-3be2-470c-a082-30724d5d183c",
              "isHook": false,
              "skipped": false
            },
            {
              "title": "Clicks on 'Sign Up' button to submit the form",
              "fullTitle": "User should be able to 'Sign Up' Clicks on 'Sign Up' button to submit the form",
              "timedOut": null,
              "duration": 96,
              "state": "passed",
              "speed": "fast",
              "pass": true,
              "fail": false,
              "pending": false,
              "context": null,
              "code": "cy.get('[data-testid=\"login-button\"]').click();",
              "err": {},
              "uuid": "4f6bcf0f-0f1e-4478-9f39-7f7dea9e329b",
              "parentUUID": "16757e0e-3be2-470c-a082-30724d5d183c",
              "isHook": false,
              "skipped": false
            }
          ],
          "suites": [],
          "passes": [
            "1fcd09b9-3674-4a46-b635-bb1fea30c124",
            "8fe9ed21-4988-447b-8aba-fb5fb6721b45",
            "0f9a07fb-88bd-48f4-adcb-f05f64de42d8",
            "99e3947c-f9b9-4525-a60c-2cfdc74427a3",
            "4f6bcf0f-0f1e-4478-9f39-7f7dea9e329b"
          ],
          "failures": [],
          "pending": [],
          "skipped": [],
          "duration": 2423,
          "root": false,
          "rootEmpty": false,
          "_timeout": 2000
        }
      ],
      "passes": [],
      "failures": [],
      "pending": [],
      "skipped": [],
      "duration": 0,
      "root": true,
      "rootEmpty": true,
      "_timeout": 2000
    },
    {
      "uuid": "21ee93a7-23c2-4eb0-adca-e1527297aaa5",
      "title": "",
      "fullFile": "cypress/integration/1.UserRegistration.js",
      "file": "cypress/integration/1.UserRegistration.js",
      "beforeHooks": [],
      "afterHooks": [],
      "tests": [],
      "suites": [
        {
          "uuid": "823ddd59-42d7-4bc9-8e7a-5c06c37e449e",
          "title": "User should be able to 'Sign Up'",
          "fullFile": "",
          "file": "",
          "beforeHooks": [],
          "afterHooks": [],
          "tests": [
            {
              "title": "Visits the QA-Task page",
              "fullTitle": "User should be able to 'Sign Up' Visits the QA-Task page",
              "timedOut": null,
              "duration": 3125,
              "state": "passed",
              "speed": "fast",
              "pass": true,
              "fail": false,
              "pending": false,
              "context": null,
              "code": "cy.visit(url);\ncy.contains('Welcome ...').should('be.visible');",
              "err": {},
              "uuid": "27e2dc6b-427a-49d9-8f30-cd137eb31b6f",
              "parentUUID": "823ddd59-42d7-4bc9-8e7a-5c06c37e449e",
              "isHook": false,
              "skipped": false
            },
            {
              "title": "Clicks on 'Sign Up' button",
              "fullTitle": "User should be able to 'Sign Up' Clicks on 'Sign Up' button",
              "timedOut": null,
              "duration": 178,
              "state": "passed",
              "speed": "fast",
              "pass": true,
              "fail": false,
              "pending": false,
              "context": null,
              "code": "cy.xpath('//*[text()=\"Sign Up\"]').click();\ncy.url().should('eq', 'https://qa-task-web.ministryofprogramming.com/signup');",
              "err": {},
              "uuid": "c6a36c66-10b8-4de0-9ad1-b6cbf1b3a4d0",
              "parentUUID": "823ddd59-42d7-4bc9-8e7a-5c06c37e449e",
              "isHook": false,
              "skipped": false
            },
            {
              "title": "Enters valid 'Email address'",
              "fullTitle": "User should be able to 'Sign Up' Enters valid 'Email address'",
              "timedOut": null,
              "duration": 612,
              "state": "passed",
              "speed": "fast",
              "pass": true,
              "fail": false,
              "pending": false,
              "context": null,
              "code": "cy.get('#email').clear().type('test@test.com').should(\"have.value\", \"test@test.com\");",
              "err": {},
              "uuid": "eaca19b2-e6ce-4646-8039-316a314781f0",
              "parentUUID": "823ddd59-42d7-4bc9-8e7a-5c06c37e449e",
              "isHook": false,
              "skipped": false
            },
            {
              "title": "Enters 'Name'",
              "fullTitle": "User should be able to 'Sign Up' Enters 'Name'",
              "timedOut": null,
              "duration": 339,
              "state": "passed",
              "speed": "fast",
              "pass": true,
              "fail": false,
              "pending": false,
              "context": null,
              "code": "cy.get('#name').clear().type('Alem').should(\"have.value\", \"Alem\");",
              "err": {},
              "uuid": "f093c06f-93ae-4cb9-b349-bf15e0c035e7",
              "parentUUID": "823ddd59-42d7-4bc9-8e7a-5c06c37e449e",
              "isHook": false,
              "skipped": false
            },
            {
              "title": "Enters valid 'Password'",
              "fullTitle": "User should be able to 'Sign Up' Enters valid 'Password'",
              "timedOut": null,
              "duration": 506,
              "state": "passed",
              "speed": "fast",
              "pass": true,
              "fail": false,
              "pending": false,
              "context": null,
              "code": "cy.get('#password').clear().type('Test1234!').should(\"have.value\", \"Test1234!\");",
              "err": {},
              "uuid": "885f51d6-c15e-4dda-a5f0-0e916e03351a",
              "parentUUID": "823ddd59-42d7-4bc9-8e7a-5c06c37e449e",
              "isHook": false,
              "skipped": false
            },
            {
              "title": "Enters valid 'Confirm Password'",
              "fullTitle": "User should be able to 'Sign Up' Enters valid 'Confirm Password'",
              "timedOut": null,
              "duration": 424,
              "state": "passed",
              "speed": "fast",
              "pass": true,
              "fail": false,
              "pending": false,
              "context": null,
              "code": "cy.get('#confirm_password').clear().type('Test1234!').should(\"have.value\", \"Test1234!\");",
              "err": {},
              "uuid": "438fb61b-14bc-42e7-8485-fbd88c09ecaf",
              "parentUUID": "823ddd59-42d7-4bc9-8e7a-5c06c37e449e",
              "isHook": false,
              "skipped": false
            },
            {
              "title": "Enters valid 'Phone Number'",
              "fullTitle": "User should be able to 'Sign Up' Enters valid 'Phone Number'",
              "timedOut": null,
              "duration": 435,
              "state": "passed",
              "speed": "fast",
              "pass": true,
              "fail": false,
              "pending": false,
              "context": null,
              "code": "cy.get('#phone_number').clear().type('+38761394359').should(\"have.value\", \"+38761394359\");",
              "err": {},
              "uuid": "2d5f6a51-b01e-4042-a3cd-4f87bf1e0fcb",
              "parentUUID": "823ddd59-42d7-4bc9-8e7a-5c06c37e449e",
              "isHook": false,
              "skipped": false
            },
            {
              "title": "Clicks on 'I agree with terms & conditions'",
              "fullTitle": "User should be able to 'Sign Up' Clicks on 'I agree with terms & conditions'",
              "timedOut": null,
              "duration": 69,
              "state": "passed",
              "speed": "fast",
              "pass": true,
              "fail": false,
              "pending": false,
              "context": null,
              "code": "cy.get('[data-testid=\"terms-and-conditions-signup\"]').click({\n  force: true\n});",
              "err": {},
              "uuid": "a8f668f5-72d8-419d-b424-e7e90d9f1998",
              "parentUUID": "823ddd59-42d7-4bc9-8e7a-5c06c37e449e",
              "isHook": false,
              "skipped": false
            },
            {
              "title": "Clicks on 'Sign Up' button to submit the form",
              "fullTitle": "User should be able to 'Sign Up' Clicks on 'Sign Up' button to submit the form",
              "timedOut": null,
              "duration": 102,
              "state": "passed",
              "speed": "fast",
              "pass": true,
              "fail": false,
              "pending": false,
              "context": null,
              "code": "cy.get('[data-testid=\"signup-button\"]').click();",
              "err": {},
              "uuid": "b1eab9bf-0d75-405b-bdfa-72e6cee1a5c0",
              "parentUUID": "823ddd59-42d7-4bc9-8e7a-5c06c37e449e",
              "isHook": false,
              "skipped": false
            }
          ],
          "suites": [],
          "passes": [
            "27e2dc6b-427a-49d9-8f30-cd137eb31b6f",
            "c6a36c66-10b8-4de0-9ad1-b6cbf1b3a4d0",
            "eaca19b2-e6ce-4646-8039-316a314781f0",
            "f093c06f-93ae-4cb9-b349-bf15e0c035e7",
            "885f51d6-c15e-4dda-a5f0-0e916e03351a",
            "438fb61b-14bc-42e7-8485-fbd88c09ecaf",
            "2d5f6a51-b01e-4042-a3cd-4f87bf1e0fcb",
            "a8f668f5-72d8-419d-b424-e7e90d9f1998",
            "b1eab9bf-0d75-405b-bdfa-72e6cee1a5c0"
          ],
          "failures": [],
          "pending": [],
          "skipped": [],
          "duration": 5790,
          "root": false,
          "rootEmpty": false,
          "_timeout": 2000
        }
      ],
      "passes": [],
      "failures": [],
      "pending": [],
      "skipped": [],
      "duration": 0,
      "root": true,
      "rootEmpty": true,
      "_timeout": 2000
    }
  ],
  "meta": {
    "mocha": {
      "version": "7.0.1"
    },
    "mochawesome": {
      "options": {
        "quiet": false,
        "reportFilename": "mochawesome",
        "saveHtml": false,
        "saveJson": true,
        "consoleReporter": "spec",
        "useInlineDiffs": false,
        "code": true
      },
      "version": "7.0.1"
    },
    "marge": {
      "options": {
        "id": "default",
        "reportDir": "cypress/reports/mocha",
        "quite": true,
        "overwrite": false,
        "html": false,
        "json": true
      },
      "version": "6.0.1"
    }
  }
}